2026-05-03 12:17:15 - root - INFO - ================================================================================
2026-05-03 12:17:15 - root - INFO - Logging configured successfully
2026-05-03 12:17:15 - root - INFO - Log level: INFO
2026-05-03 12:17:15 - root - INFO - Log file: outputs/training_logs/experiment.log
2026-05-03 12:17:15 - root - INFO - ================================================================================
2026-05-03 12:17:15 - __main__ - INFO - ================================================================================
2026-05-03 12:17:15 - __main__ - INFO - PHASE 6: ROBUSTNESS TESTING
2026-05-03 12:17:15 - __main__ - INFO - ================================================================================
2026-05-03 12:17:15 - __main__ - INFO - Using device: cpu
2026-05-03 12:17:15 - __main__ - INFO - Output directory: outputs/robustness
2026-05-03 12:17:15 - __main__ - INFO - 
Step 1: Loading test data...
2026-05-03 12:17:15 - src.data_pipeline - INFO - Loading CIFAR-10 test dataset from ./data...
2026-05-03 12:21:46 - root - INFO - ================================================================================
2026-05-03 12:21:46 - root - INFO - Logging configured successfully
2026-05-03 12:21:46 - root - INFO - Log level: INFO
2026-05-03 12:21:46 - root - INFO - Log file: outputs/training_logs/experiment.log
2026-05-03 12:21:46 - root - INFO - ================================================================================
2026-05-03 12:21:46 - __main__ - INFO - ================================================================================
2026-05-03 12:21:46 - __main__ - INFO - PHASE 6: ROBUSTNESS TESTING (MINIMAL DEMO)
2026-05-03 12:21:46 - __main__ - INFO - ================================================================================
2026-05-03 12:21:46 - __main__ - INFO - Using device: cpu
2026-05-03 12:21:46 - __main__ - INFO - Output directory: outputs/robustness
2026-05-03 12:21:46 - __main__ - INFO - 
Step 1: Creating synthetic test data...
2026-05-03 12:21:46 - __main__ - INFO - Creating 200 synthetic test samples...
2026-05-03 12:21:46 - __main__ - INFO - Created test dataloader with 7 batches
2026-05-03 12:21:46 - __main__ - INFO - 
Step 2: Loading model...
2026-05-03 12:21:46 - src.model - INFO - Creating modified ResNet-18 backbone for 32×32 images
2026-05-03 12:21:46 - src.model - INFO - Modified ResNet-18 backbone created successfully
2026-05-03 12:21:46 - src.model - INFO - Initialized DisagreementPredictionHead: 512→256→10
2026-05-03 12:21:46 - src.model - INFO - Initialized DisagreementPredictor model
2026-05-03 12:21:46 - __main__ - INFO - Loading trained model from checkpoints/finetuned_kl_demo.pth
2026-05-03 12:21:46 - __main__ - INFO - Model ready for evaluation
2026-05-03 12:21:46 - __main__ - INFO - 
Step 3: Evaluating corruption robustness...
2026-05-03 12:21:46 - __main__ - INFO - Testing 3 corruption types at 3 severity levels each...
2026-05-03 12:21:46 - __main__ - INFO - This demonstrates the robustness evaluation functionality...
2026-05-03 12:21:46 - src.evaluation - INFO - Evaluating corruption robustness
2026-05-03 12:21:59 - src.evaluation - INFO - gaussian_noise (severity 1): mean entropy change = 0.0063 bits
2026-05-03 12:21:59 - src.evaluation - INFO - gaussian_noise (severity 3): mean entropy change = 0.0144 bits
2026-05-03 12:21:59 - src.evaluation - INFO - gaussian_noise (severity 5): mean entropy change = 0.0218 bits
2026-05-03 12:21:59 - src.evaluation - INFO - gaussian_blur (severity 1): mean entropy change = 0.0145 bits
2026-05-03 12:21:59 - src.evaluation - INFO - gaussian_blur (severity 3): mean entropy change = 0.0260 bits
2026-05-03 12:21:59 - src.evaluation - INFO - gaussian_blur (severity 5): mean entropy change = 0.0329 bits
2026-05-03 12:21:59 - src.evaluation - INFO - contrast_reduction (severity 1): mean entropy change = 0.0085 bits
2026-05-03 12:21:59 - src.evaluation - INFO - contrast_reduction (severity 3): mean entropy change = 0.0172 bits
2026-05-03 12:21:59 - src.evaluation - INFO - contrast_reduction (severity 5): mean entropy change = 0.0251 bits
2026-05-03 12:21:59 - src.evaluation - INFO - Saved corruption robustness results to outputs/robustness/corruption_robustness.json
2026-05-03 12:21:59 - src.evaluation - INFO - Corruption robustness evaluation complete
2026-05-03 12:21:59 - __main__ - INFO - 
Step 4: Generating robustness visualization...
2026-05-03 12:21:59 - src.visualization - INFO - Plotting corruption robustness to outputs/robustness/corruption_robustness_plot.png
2026-05-03 12:21:59 - src.visualization - INFO - Saved corruption robustness plot to outputs/robustness/corruption_robustness_plot.png
2026-05-03 12:21:59 - __main__ - INFO - Saved robustness plot to outputs/robustness/corruption_robustness_plot.png
2026-05-03 12:21:59 - __main__ - INFO - 
================================================================================
2026-05-03 12:21:59 - __main__ - INFO - ROBUSTNESS TESTING SUMMARY
2026-05-03 12:21:59 - __main__ - INFO - ================================================================================
2026-05-03 12:21:59 - __main__ - INFO - 
Gaussian Noise:
2026-05-03 12:21:59 - __main__ - INFO -   Severity 1: 0.0063 bits mean entropy change
2026-05-03 12:21:59 - __main__ - INFO -   Severity 3: 0.0144 bits mean entropy change
2026-05-03 12:21:59 - __main__ - INFO -   Severity 5: 0.0218 bits mean entropy change
2026-05-03 12:21:59 - __main__ - INFO - 
Gaussian Blur:
2026-05-03 12:21:59 - __main__ - INFO -   Severity 1: 0.0145 bits mean entropy change
2026-05-03 12:21:59 - __main__ - INFO -   Severity 3: 0.0260 bits mean entropy change
2026-05-03 12:21:59 - __main__ - INFO -   Severity 5: 0.0329 bits mean entropy change
2026-05-03 12:21:59 - __main__ - INFO - 
Contrast Reduction:
2026-05-03 12:21:59 - __main__ - INFO -   Severity 1: 0.0085 bits mean entropy change
2026-05-03 12:21:59 - __main__ - INFO -   Severity 3: 0.0172 bits mean entropy change
2026-05-03 12:21:59 - __main__ - INFO -   Severity 5: 0.0251 bits mean entropy change
2026-05-03 12:21:59 - __main__ - INFO - 
================================================================================
2026-05-03 12:21:59 - __main__ - INFO - ROBUSTNESS TESTING COMPLETE
2026-05-03 12:21:59 - __main__ - INFO - ================================================================================
2026-05-03 12:21:59 - __main__ - INFO - 
Results saved to: outputs/robustness/
2026-05-03 12:21:59 - __main__ - INFO -   - corruption_robustness.json (numerical results)
2026-05-03 12:21:59 - __main__ - INFO -   - corruption_robustness_plot.png (visualization)
2026-05-03 12:21:59 - __main__ - INFO - 
NOTE: This demo used synthetic data for demonstration.
2026-05-03 12:21:59 - __main__ - INFO - For real evaluation, use demo_robustness_testing.py with actual CIFAR-10H data.
